2024/11/21 15:32:30 [notice] 1#1: using the "epoll" event method
2024/11/21 15:32:30 [notice] 1#1: nginx/1.26.2
2024/11/21 15:32:30 [notice] 1#1: built by gcc 13.2.1 20240309 (Alpine 13.2.1_git20240309) 
2024/11/21 15:32:30 [notice] 1#1: OS: Linux 6.8.0-49-generic
2024/11/21 15:32:30 [notice] 1#1: getrlimit(RLIMIT_NOFILE): 1048576:1048576
2024/11/21 15:32:30 [notice] 1#1: start worker processes
2024/11/21 15:32:30 [notice] 1#1: start worker process 29
2024/11/21 15:32:30 [notice] 1#1: start worker process 30
2024/11/21 15:32:30 [notice] 1#1: start worker process 31
2024/11/21 15:32:30 [notice] 1#1: start worker process 32
2024/11/21 15:32:30 [notice] 1#1: start worker process 33
2024/11/21 15:32:30 [notice] 1#1: start worker process 34
2024/11/21 15:32:30 [notice] 1#1: start worker process 35
2024/11/21 15:32:30 [notice] 1#1: start worker process 36
2024/11/21 15:32:30 [notice] 1#1: start worker process 37
2024/11/21 15:32:30 [notice] 1#1: start worker process 38
2024/11/21 15:32:30 [notice] 1#1: start worker process 39
2024/11/21 15:32:30 [notice] 1#1: start worker process 40
2024/11/21 15:32:30 [notice] 1#1: start worker process 41
2024/11/21 15:32:30 [notice] 1#1: start worker process 42
2024/11/21 15:32:30 [notice] 1#1: start worker process 43
2024/11/21 15:32:30 [notice] 1#1: start worker process 44
2024/11/21 15:33:23 [notice] 1#1: signal 3 (SIGQUIT) received, shutting down
2024/11/21 15:33:23 [notice] 29#29: gracefully shutting down
2024/11/21 15:33:23 [notice] 30#30: gracefully shutting down
2024/11/21 15:33:23 [notice] 31#31: gracefully shutting down
2024/11/21 15:33:23 [notice] 32#32: gracefully shutting down
2024/11/21 15:33:23 [notice] 33#33: gracefully shutting down
2024/11/21 15:33:23 [notice] 34#34: gracefully shutting down
2024/11/21 15:33:23 [notice] 35#35: gracefully shutting down
2024/11/21 15:33:23 [notice] 36#36: gracefully shutting down
2024/11/21 15:33:23 [notice] 37#37: gracefully shutting down
2024/11/21 15:33:23 [notice] 38#38: gracefully shutting down
2024/11/21 15:33:23 [notice] 39#39: gracefully shutting down
2024/11/21 15:33:23 [notice] 31#31: exiting
2024/11/21 15:33:23 [notice] 32#32: exiting
2024/11/21 15:33:23 [notice] 33#33: exiting
2024/11/21 15:33:23 [notice] 34#34: exiting
2024/11/21 15:33:23 [notice] 40#40: gracefully shutting down
2024/11/21 15:33:23 [notice] 35#35: exiting
2024/11/21 15:33:23 [notice] 44#44: gracefully shutting down
2024/11/21 15:33:23 [notice] 36#36: exiting
2024/11/21 15:33:23 [notice] 37#37: exiting
2024/11/21 15:33:23 [notice] 38#38: exiting
2024/11/21 15:33:23 [notice] 29#29: exiting
2024/11/21 15:33:23 [notice] 39#39: exiting
2024/11/21 15:33:23 [notice] 40#40: exiting
2024/11/21 15:33:23 [notice] 44#44: exiting
2024/11/21 15:33:23 [notice] 41#41: gracefully shutting down
2024/11/21 15:33:23 [notice] 42#42: gracefully shutting down
2024/11/21 15:33:23 [notice] 41#41: exiting
2024/11/21 15:33:23 [notice] 42#42: exiting
2024/11/21 15:33:23 [notice] 43#43: gracefully shutting down
2024/11/21 15:33:23 [notice] 43#43: exiting
2024/11/21 15:33:23 [notice] 34#34: exit
2024/11/21 15:33:23 [notice] 31#31: exit
2024/11/21 15:33:23 [notice] 32#32: exit
2024/11/21 15:33:23 [notice] 35#35: exit
2024/11/21 15:33:23 [notice] 29#29: exit
2024/11/21 15:33:23 [notice] 33#33: exit
2024/11/21 15:33:23 [notice] 36#36: exit
2024/11/21 15:33:23 [notice] 38#38: exit
2024/11/21 15:33:23 [notice] 37#37: exit
2024/11/21 15:33:23 [notice] 39#39: exit
2024/11/21 15:33:23 [notice] 40#40: exit
2024/11/21 15:33:23 [notice] 42#42: exit
2024/11/21 15:33:23 [notice] 41#41: exit
2024/11/21 15:33:23 [notice] 43#43: exit
2024/11/21 15:33:23 [notice] 44#44: exit
2024/11/21 15:33:23 [notice] 1#1: signal 17 (SIGCHLD) received from 39
2024/11/21 15:33:23 [notice] 1#1: worker process 39 exited with code 0
2024/11/21 15:33:23 [notice] 1#1: signal 29 (SIGIO) received
2024/11/21 15:33:23 [notice] 1#1: signal 17 (SIGCHLD) received from 37
2024/11/21 15:33:23 [notice] 1#1: worker process 37 exited with code 0
2024/11/21 15:33:23 [notice] 1#1: signal 29 (SIGIO) received
2024/11/21 15:33:23 [notice] 1#1: signal 17 (SIGCHLD) received from 38
2024/11/21 15:33:23 [notice] 1#1: worker process 38 exited with code 0
2024/11/21 15:33:23 [notice] 1#1: signal 29 (SIGIO) received
2024/11/21 15:33:23 [notice] 1#1: signal 17 (SIGCHLD) received from 43
2024/11/21 15:33:23 [notice] 1#1: worker process 43 exited with code 0
2024/11/21 15:33:23 [notice] 1#1: worker process 34 exited with code 0
2024/11/21 15:33:23 [notice] 1#1: signal 29 (SIGIO) received
2024/11/21 15:33:23 [notice] 1#1: signal 17 (SIGCHLD) received from 34
2024/11/21 15:33:23 [notice] 1#1: signal 17 (SIGCHLD) received from 44
2024/11/21 15:33:23 [notice] 1#1: worker process 44 exited with code 0
2024/11/21 15:33:23 [notice] 1#1: worker process 32 exited with code 0
2024/11/21 15:33:23 [notice] 1#1: signal 29 (SIGIO) received
2024/11/21 15:33:23 [notice] 1#1: signal 17 (SIGCHLD) received from 32
2024/11/21 15:33:23 [notice] 1#1: signal 17 (SIGCHLD) received from 41
2024/11/21 15:33:23 [notice] 1#1: worker process 41 exited with code 0
2024/11/21 15:33:23 [notice] 1#1: signal 29 (SIGIO) received
2024/11/21 15:33:23 [notice] 1#1: signal 17 (SIGCHLD) received from 36
2024/11/21 15:33:23 [notice] 1#1: worker process 36 exited with code 0
2024/11/21 15:33:23 [notice] 1#1: signal 29 (SIGIO) received
2024/11/21 15:33:23 [notice] 1#1: signal 17 (SIGCHLD) received from 31
2024/11/21 15:33:23 [notice] 1#1: worker process 31 exited with code 0
2024/11/21 15:33:23 [notice] 1#1: signal 29 (SIGIO) received
2024/11/21 15:33:23 [notice] 1#1: signal 17 (SIGCHLD) received from 29
2024/11/21 15:33:23 [notice] 1#1: worker process 29 exited with code 0
2024/11/21 15:33:23 [notice] 1#1: worker process 35 exited with code 0
2024/11/21 15:33:23 [notice] 1#1: worker process 40 exited with code 0
2024/11/21 15:33:23 [notice] 1#1: signal 29 (SIGIO) received
2024/11/21 15:33:23 [notice] 1#1: signal 17 (SIGCHLD) received from 35
2024/11/21 15:33:23 [notice] 1#1: signal 17 (SIGCHLD) received from 33
2024/11/21 15:33:23 [notice] 1#1: worker process 33 exited with code 0
2024/11/21 15:33:23 [notice] 1#1: signal 29 (SIGIO) received
2024/11/21 15:33:23 [notice] 1#1: signal 17 (SIGCHLD) received from 42
2024/11/21 15:33:23 [notice] 1#1: worker process 42 exited with code 0
2024/11/21 15:33:23 [notice] 1#1: signal 29 (SIGIO) received
2024/11/21 15:33:27 [notice] 1#1: using the "epoll" event method
2024/11/21 15:33:27 [notice] 1#1: nginx/1.26.2
2024/11/21 15:33:27 [notice] 1#1: built by gcc 13.2.1 20240309 (Alpine 13.2.1_git20240309) 
2024/11/21 15:33:27 [notice] 1#1: OS: Linux 6.8.0-49-generic
2024/11/21 15:33:27 [notice] 1#1: getrlimit(RLIMIT_NOFILE): 1048576:1048576
2024/11/21 15:33:27 [notice] 1#1: start worker processes
2024/11/21 15:33:27 [notice] 1#1: start worker process 29
2024/11/21 15:33:27 [notice] 1#1: start worker process 30
2024/11/21 15:33:27 [notice] 1#1: start worker process 31
2024/11/21 15:33:27 [notice] 1#1: start worker process 32
2024/11/21 15:33:27 [notice] 1#1: start worker process 33
2024/11/21 15:33:27 [notice] 1#1: start worker process 34
2024/11/21 15:33:27 [notice] 1#1: start worker process 35
2024/11/21 15:33:27 [notice] 1#1: start worker process 36
2024/11/21 15:33:27 [notice] 1#1: start worker process 37
2024/11/21 15:33:27 [notice] 1#1: start worker process 38
2024/11/21 15:33:27 [notice] 1#1: start worker process 39
2024/11/21 15:33:27 [notice] 1#1: start worker process 40
2024/11/21 15:33:27 [notice] 1#1: start worker process 41
2024/11/21 15:33:27 [notice] 1#1: start worker process 42
2024/11/21 15:33:27 [notice] 1#1: start worker process 43
2024/11/21 15:33:27 [notice] 1#1: start worker process 44
2024/11/21 15:34:19 [notice] 1#1: signal 3 (SIGQUIT) received, shutting down
2024/11/21 15:34:19 [notice] 29#29: gracefully shutting down
2024/11/21 15:34:19 [notice] 30#30: gracefully shutting down
2024/11/21 15:34:19 [notice] 32#32: gracefully shutting down
2024/11/21 15:34:19 [notice] 31#31: gracefully shutting down
2024/11/21 15:34:19 [notice] 34#34: gracefully shutting down
2024/11/21 15:34:19 [notice] 33#33: gracefully shutting down
2024/11/21 15:34:19 [notice] 35#35: gracefully shutting down
2024/11/21 15:34:19 [notice] 36#36: gracefully shutting down
2024/11/21 15:34:19 [notice] 37#37: gracefully shutting down
2024/11/21 15:34:19 [notice] 32#32: exiting
2024/11/21 15:34:19 [notice] 38#38: gracefully shutting down
2024/11/21 15:34:19 [notice] 39#39: gracefully shutting down
2024/11/21 15:34:19 [notice] 36#36: exiting
2024/11/21 15:34:19 [notice] 31#31: exiting
2024/11/21 15:34:19 [notice] 40#40: gracefully shutting down
2024/11/21 15:34:19 [notice] 34#34: exiting
2024/11/21 15:34:19 [notice] 43#43: gracefully shutting down
2024/11/21 15:34:19 [notice] 33#33: exiting
2024/11/21 15:34:19 [notice] 41#41: gracefully shutting down
2024/11/21 15:34:19 [notice] 35#35: exiting
2024/11/21 15:34:19 [notice] 37#37: exiting
2024/11/21 15:34:19 [notice] 38#38: exiting
2024/11/21 15:34:19 [notice] 39#39: exiting
2024/11/21 15:34:19 [notice] 29#29: exiting
2024/11/21 15:34:19 [notice] 40#40: exiting
2024/11/21 15:34:19 [notice] 43#43: exiting
2024/11/21 15:34:19 [notice] 41#41: exiting
2024/11/21 15:34:19 [notice] 42#42: gracefully shutting down
2024/11/21 15:34:19 [notice] 42#42: exiting
2024/11/21 15:34:19 [notice] 31#31: exit
2024/11/21 15:34:19 [notice] 34#34: exit
2024/11/21 15:34:19 [notice] 41#41: exit
2024/11/21 15:34:19 [notice] 36#36: exit
2024/11/21 15:34:19 [notice] 40#40: exit
2024/11/21 15:34:19 [notice] 33#33: exit
2024/11/21 15:34:19 [notice] 35#35: exit
2024/11/21 15:34:19 [notice] 43#43: exit
2024/11/21 15:34:19 [notice] 32#32: exit
2024/11/21 15:34:19 [notice] 37#37: exit
2024/11/21 15:34:19 [notice] 39#39: exit
2024/11/21 15:34:19 [notice] 29#29: exit
2024/11/21 15:34:19 [notice] 38#38: exit
2024/11/21 15:34:19 [notice] 42#42: exit
2024/11/21 15:34:19 [notice] 44#44: gracefully shutting down
2024/11/21 15:34:19 [notice] 44#44: exiting
2024/11/21 15:34:19 [notice] 44#44: exit
2024/11/21 15:34:19 [notice] 1#1: signal 17 (SIGCHLD) received from 33
2024/11/21 15:34:19 [notice] 1#1: worker process 33 exited with code 0
2024/11/21 15:34:19 [notice] 1#1: signal 29 (SIGIO) received
2024/11/21 15:34:19 [notice] 1#1: signal 17 (SIGCHLD) received from 43
2024/11/21 15:34:19 [notice] 1#1: worker process 31 exited with code 0
2024/11/21 15:34:19 [notice] 1#1: worker process 35 exited with code 0
2024/11/21 15:34:19 [notice] 1#1: worker process 38 exited with code 0
2024/11/21 15:34:19 [notice] 1#1: worker process 41 exited with code 0
2024/11/21 15:34:19 [notice] 1#1: worker process 43 exited with code 0
2024/11/21 15:34:19 [notice] 1#1: worker process 44 exited with code 0
2024/11/21 15:34:19 [notice] 1#1: signal 29 (SIGIO) received
2024/11/21 15:34:19 [notice] 1#1: signal 17 (SIGCHLD) received from 31
2024/11/21 15:34:19 [notice] 1#1: signal 17 (SIGCHLD) received from 37
2024/11/21 15:34:19 [notice] 1#1: worker process 37 exited with code 0
2024/11/21 15:34:19 [notice] 1#1: signal 29 (SIGIO) received
2024/11/21 15:34:19 [notice] 1#1: signal 17 (SIGCHLD) received from 42
2024/11/21 15:34:19 [notice] 1#1: worker process 42 exited with code 0
2024/11/21 15:34:19 [notice] 1#1: signal 29 (SIGIO) received
2024/11/21 15:34:19 [notice] 1#1: signal 17 (SIGCHLD) received from 34
2024/11/21 15:34:19 [notice] 1#1: worker process 34 exited with code 0
2024/11/21 15:34:19 [notice] 1#1: signal 29 (SIGIO) received
2024/11/21 15:34:19 [notice] 1#1: signal 17 (SIGCHLD) received from 40
2024/11/21 15:34:19 [notice] 1#1: worker process 40 exited with code 0
2024/11/21 15:34:19 [notice] 1#1: signal 29 (SIGIO) received
2024/11/21 15:34:19 [notice] 1#1: signal 17 (SIGCHLD) received from 36
2024/11/21 15:34:19 [notice] 1#1: worker process 36 exited with code 0
2024/11/21 15:34:19 [notice] 1#1: signal 29 (SIGIO) received
2024/11/21 15:34:19 [notice] 1#1: signal 17 (SIGCHLD) received from 39
2024/11/21 15:34:19 [notice] 1#1: worker process 39 exited with code 0
2024/11/21 15:34:19 [notice] 1#1: signal 29 (SIGIO) received
2024/11/21 15:34:19 [notice] 1#1: signal 17 (SIGCHLD) received from 32
2024/11/21 15:34:19 [notice] 1#1: worker process 32 exited with code 0
2024/11/21 15:34:19 [notice] 1#1: signal 29 (SIGIO) received
2024/11/21 15:34:19 [notice] 1#1: signal 17 (SIGCHLD) received from 29
2024/11/21 15:34:19 [notice] 1#1: worker process 29 exited with code 0
2024/11/21 15:34:19 [notice] 1#1: signal 29 (SIGIO) received
2024/11/21 15:37:10 [notice] 1#1: using the "epoll" event method
2024/11/21 15:37:10 [notice] 1#1: nginx/1.26.2
2024/11/21 15:37:10 [notice] 1#1: built by gcc 13.2.1 20240309 (Alpine 13.2.1_git20240309) 
2024/11/21 15:37:10 [notice] 1#1: OS: Linux 6.8.0-49-generic
2024/11/21 15:37:10 [notice] 1#1: getrlimit(RLIMIT_NOFILE): 1048576:1048576
2024/11/21 15:37:10 [notice] 1#1: start worker processes
2024/11/21 15:37:10 [notice] 1#1: start worker process 29
2024/11/21 15:37:10 [notice] 1#1: start worker process 30
2024/11/21 15:37:10 [notice] 1#1: start worker process 31
2024/11/21 15:37:10 [notice] 1#1: start worker process 32
2024/11/21 15:37:10 [notice] 1#1: start worker process 33
2024/11/21 15:37:10 [notice] 1#1: start worker process 34
2024/11/21 15:37:10 [notice] 1#1: start worker process 35
2024/11/21 15:37:10 [notice] 1#1: start worker process 36
2024/11/21 15:37:10 [notice] 1#1: start worker process 37
2024/11/21 15:37:10 [notice] 1#1: start worker process 38
2024/11/21 15:37:10 [notice] 1#1: start worker process 39
2024/11/21 15:37:10 [notice] 1#1: start worker process 40
2024/11/21 15:37:10 [notice] 1#1: start worker process 41
2024/11/21 15:37:10 [notice] 1#1: start worker process 42
2024/11/21 15:37:10 [notice] 1#1: start worker process 43
2024/11/21 15:37:10 [notice] 1#1: start worker process 44
2024/11/21 15:37:58 [notice] 1#1: signal 3 (SIGQUIT) received, shutting down
2024/11/21 15:37:58 [notice] 29#29: gracefully shutting down
2024/11/21 15:37:58 [notice] 30#30: gracefully shutting down
2024/11/21 15:37:58 [notice] 31#31: gracefully shutting down
2024/11/21 15:37:58 [notice] 32#32: gracefully shutting down
2024/11/21 15:37:58 [notice] 33#33: gracefully shutting down
2024/11/21 15:37:58 [notice] 34#34: gracefully shutting down
2024/11/21 15:37:58 [notice] 35#35: gracefully shutting down
2024/11/21 15:37:58 [notice] 36#36: gracefully shutting down
2024/11/21 15:37:58 [notice] 37#37: gracefully shutting down
2024/11/21 15:37:58 [notice] 38#38: gracefully shutting down
2024/11/21 15:37:58 [notice] 39#39: gracefully shutting down
2024/11/21 15:37:58 [notice] 31#31: exiting
2024/11/21 15:37:58 [notice] 43#43: gracefully shutting down
2024/11/21 15:37:58 [notice] 32#32: exiting
2024/11/21 15:37:58 [notice] 33#33: exiting
2024/11/21 15:37:58 [notice] 40#40: gracefully shutting down
2024/11/21 15:37:58 [notice] 34#34: exiting
2024/11/21 15:37:58 [notice] 35#35: exiting
2024/11/21 15:37:58 [notice] 36#36: exiting
2024/11/21 15:37:58 [notice] 37#37: exiting
2024/11/21 15:37:58 [notice] 38#38: exiting
2024/11/21 15:37:58 [notice] 30#30: exiting
2024/11/21 15:37:58 [notice] 39#39: exiting
2024/11/21 15:37:58 [notice] 43#43: exiting
2024/11/21 15:37:58 [notice] 40#40: exiting
2024/11/21 15:37:58 [notice] 41#41: gracefully shutting down
2024/11/21 15:37:58 [notice] 41#41: exiting
2024/11/21 15:37:58 [notice] 31#31: exit
2024/11/21 15:37:58 [notice] 36#36: exit
2024/11/21 15:37:58 [notice] 32#32: exit
2024/11/21 15:37:58 [notice] 33#33: exit
2024/11/21 15:37:58 [notice] 43#43: exit
2024/11/21 15:37:58 [notice] 34#34: exit
2024/11/21 15:37:58 [notice] 30#30: exit
2024/11/21 15:37:58 [notice] 38#38: exit
2024/11/21 15:37:58 [notice] 35#35: exit
2024/11/21 15:37:58 [notice] 37#37: exit
2024/11/21 15:37:58 [notice] 40#40: exit
2024/11/21 15:37:58 [notice] 39#39: exit
2024/11/21 15:37:58 [notice] 41#41: exit
2024/11/21 15:37:58 [notice] 42#42: gracefully shutting down
2024/11/21 15:37:58 [notice] 42#42: exiting
2024/11/21 15:37:58 [notice] 44#44: gracefully shutting down
2024/11/21 15:37:58 [notice] 44#44: exiting
2024/11/21 15:37:58 [notice] 42#42: exit
2024/11/21 15:37:58 [notice] 44#44: exit
2024/11/21 15:37:58 [notice] 1#1: signal 17 (SIGCHLD) received from 32
2024/11/21 15:37:58 [notice] 1#1: worker process 32 exited with code 0
2024/11/21 15:37:58 [notice] 1#1: signal 29 (SIGIO) received
2024/11/21 15:37:58 [notice] 1#1: signal 17 (SIGCHLD) received from 31
2024/11/21 15:37:58 [notice] 1#1: worker process 30 exited with code 0
2024/11/21 15:37:58 [notice] 1#1: worker process 31 exited with code 0
2024/11/21 15:37:58 [notice] 1#1: signal 29 (SIGIO) received
2024/11/21 15:37:58 [notice] 1#1: signal 17 (SIGCHLD) received from 30
2024/11/21 15:37:58 [notice] 1#1: signal 17 (SIGCHLD) received from 34
2024/11/21 15:37:58 [notice] 1#1: worker process 34 exited with code 0
2024/11/21 15:37:58 [notice] 1#1: worker process 37 exited with code 0
2024/11/21 15:37:58 [notice] 1#1: signal 29 (SIGIO) received
2024/11/21 15:37:58 [notice] 1#1: signal 17 (SIGCHLD) received from 37
2024/11/21 15:37:58 [notice] 1#1: signal 17 (SIGCHLD) received from 33
2024/11/21 15:37:58 [notice] 1#1: worker process 33 exited with code 0
2024/11/21 15:37:58 [notice] 1#1: worker process 40 exited with code 0
2024/11/21 15:37:58 [notice] 1#1: signal 29 (SIGIO) received
2024/11/21 15:37:58 [notice] 1#1: signal 17 (SIGCHLD) received from 40
2024/11/21 15:37:58 [notice] 1#1: signal 17 (SIGCHLD) received from 44
2024/11/21 15:37:58 [notice] 1#1: worker process 39 exited with code 0
2024/11/21 15:37:58 [notice] 1#1: worker process 44 exited with code 0
2024/11/21 15:37:58 [notice] 1#1: signal 29 (SIGIO) received
2024/11/21 15:37:58 [notice] 1#1: signal 17 (SIGCHLD) received from 36
2024/11/21 15:37:58 [notice] 1#1: worker process 36 exited with code 0
2024/11/21 15:37:58 [notice] 1#1: worker process 41 exited with code 0
2024/11/21 15:37:58 [notice] 1#1: signal 29 (SIGIO) received
2024/11/21 15:37:58 [notice] 1#1: signal 17 (SIGCHLD) received from 41
2024/11/21 15:37:58 [notice] 1#1: worker process 35 exited with code 0
2024/11/21 15:37:58 [notice] 1#1: worker process 38 exited with code 0
2024/11/21 15:37:58 [notice] 1#1: signal 29 (SIGIO) received
2024/11/21 15:37:58 [notice] 1#1: signal 17 (SIGCHLD) received from 43
2024/11/21 15:37:58 [notice] 1#1: worker process 43 exited with code 0
2024/11/21 15:37:58 [notice] 1#1: signal 29 (SIGIO) received
2024/11/21 15:37:58 [notice] 1#1: signal 17 (SIGCHLD) received from 42
2024/11/21 15:37:58 [notice] 1#1: worker process 42 exited with code 0
2024/11/21 15:37:58 [notice] 1#1: signal 29 (SIGIO) received
2024/11/22 07:58:04 [notice] 1#1: using the "epoll" event method
2024/11/22 07:58:04 [notice] 1#1: nginx/1.26.2
2024/11/22 07:58:04 [notice] 1#1: built by gcc 13.2.1 20240309 (Alpine 13.2.1_git20240309) 
2024/11/22 07:58:04 [notice] 1#1: OS: Linux 6.8.0-49-generic
2024/11/22 07:58:04 [notice] 1#1: getrlimit(RLIMIT_NOFILE): 1048576:1048576
2024/11/22 07:58:04 [notice] 1#1: start worker processes
2024/11/22 07:58:04 [notice] 1#1: start worker process 29
2024/11/22 07:58:04 [notice] 1#1: start worker process 30
2024/11/22 07:58:04 [notice] 1#1: start worker process 31
2024/11/22 07:58:04 [notice] 1#1: start worker process 32
2024/11/22 07:58:04 [notice] 1#1: start worker process 33
2024/11/22 07:58:04 [notice] 1#1: start worker process 34
2024/11/22 07:58:04 [notice] 1#1: start worker process 35
2024/11/22 07:58:04 [notice] 1#1: start worker process 36
2024/11/22 07:58:04 [notice] 1#1: start worker process 37
2024/11/22 07:58:04 [notice] 1#1: start worker process 38
2024/11/22 07:58:04 [notice] 1#1: start worker process 39
2024/11/22 07:58:04 [notice] 1#1: start worker process 40
2024/11/22 07:58:04 [notice] 1#1: start worker process 41
2024/11/22 07:58:04 [notice] 1#1: start worker process 42
2024/11/22 07:58:04 [notice] 1#1: start worker process 43
2024/11/22 07:58:04 [notice] 1#1: start worker process 44
2024/11/22 08:45:13 [notice] 1#1: signal 3 (SIGQUIT) received, shutting down
2024/11/22 08:45:13 [notice] 30#30: gracefully shutting down
2024/11/22 08:45:13 [notice] 29#29: gracefully shutting down
2024/11/22 08:45:13 [notice] 31#31: gracefully shutting down
2024/11/22 08:45:13 [notice] 32#32: gracefully shutting down
2024/11/22 08:45:13 [notice] 34#34: gracefully shutting down
2024/11/22 08:45:13 [notice] 36#36: gracefully shutting down
2024/11/22 08:45:13 [notice] 33#33: gracefully shutting down
2024/11/22 08:45:13 [notice] 37#37: gracefully shutting down
2024/11/22 08:45:13 [notice] 35#35: gracefully shutting down
2024/11/22 08:45:13 [notice] 30#30: exiting
2024/11/22 08:45:13 [notice] 29#29: exiting
2024/11/22 08:45:13 [notice] 31#31: exiting
2024/11/22 08:45:13 [notice] 38#38: gracefully shutting down
2024/11/22 08:45:13 [notice] 32#32: exiting
2024/11/22 08:45:13 [notice] 34#34: exiting
2024/11/22 08:45:13 [notice] 36#36: exiting
2024/11/22 08:45:13 [notice] 33#33: exiting
2024/11/22 08:45:13 [notice] 37#37: exiting
2024/11/22 08:45:13 [notice] 35#35: exiting
2024/11/22 08:45:13 [notice] 38#38: exiting
2024/11/22 08:45:13 [notice] 31#31: exit
2024/11/22 08:45:13 [notice] 34#34: exit
2024/11/22 08:45:13 [notice] 38#38: exit
2024/11/22 08:45:13 [notice] 32#32: exit
2024/11/22 08:45:13 [notice] 30#30: exit
2024/11/22 08:45:13 [notice] 29#29: exit
2024/11/22 08:45:13 [notice] 36#36: exit
2024/11/22 08:45:13 [notice] 37#37: exit
2024/11/22 08:45:13 [notice] 33#33: exit
2024/11/22 08:45:13 [notice] 35#35: exit
2024/11/22 08:45:13 [notice] 39#39: gracefully shutting down
2024/11/22 08:45:13 [notice] 39#39: exiting
2024/11/22 08:45:13 [notice] 39#39: exit
2024/11/22 08:45:13 [notice] 40#40: gracefully shutting down
2024/11/22 08:45:13 [notice] 41#41: gracefully shutting down
2024/11/22 08:45:13 [notice] 40#40: exiting
2024/11/22 08:45:13 [notice] 41#41: exiting
2024/11/22 08:45:13 [notice] 43#43: gracefully shutting down
2024/11/22 08:45:13 [notice] 43#43: exiting
2024/11/22 08:45:13 [notice] 42#42: gracefully shutting down
2024/11/22 08:45:13 [notice] 44#44: gracefully shutting down
2024/11/22 08:45:13 [notice] 42#42: exiting
2024/11/22 08:45:13 [notice] 44#44: exiting
2024/11/22 08:45:13 [notice] 41#41: exit
2024/11/22 08:45:13 [notice] 40#40: exit
2024/11/22 08:45:13 [notice] 43#43: exit
2024/11/22 08:45:13 [notice] 42#42: exit
2024/11/22 08:45:13 [notice] 44#44: exit
2024/11/22 08:45:13 [notice] 1#1: signal 17 (SIGCHLD) received from 32
2024/11/22 08:45:13 [notice] 1#1: worker process 32 exited with code 0
2024/11/22 08:45:13 [notice] 1#1: worker process 44 exited with code 0
2024/11/22 08:45:13 [notice] 1#1: signal 29 (SIGIO) received
2024/11/22 08:45:13 [notice] 1#1: signal 17 (SIGCHLD) received from 44
2024/11/22 08:45:13 [notice] 1#1: signal 17 (SIGCHLD) received from 31
2024/11/22 08:45:13 [notice] 1#1: worker process 31 exited with code 0
2024/11/22 08:45:13 [notice] 1#1: worker process 35 exited with code 0
2024/11/22 08:45:13 [notice] 1#1: worker process 39 exited with code 0
2024/11/22 08:45:13 [notice] 1#1: worker process 41 exited with code 0
2024/11/22 08:45:13 [notice] 1#1: worker process 38 exited with code 0
2024/11/22 08:45:13 [notice] 1#1: signal 29 (SIGIO) received
2024/11/22 08:45:13 [notice] 1#1: signal 17 (SIGCHLD) received from 41
2024/11/22 08:45:13 [notice] 1#1: signal 17 (SIGCHLD) received from 33
2024/11/22 08:45:13 [notice] 1#1: worker process 33 exited with code 0
2024/11/22 08:45:13 [notice] 1#1: worker process 30 exited with code 0
2024/11/22 08:45:13 [notice] 1#1: worker process 34 exited with code 0
2024/11/22 08:45:13 [notice] 1#1: signal 29 (SIGIO) received
2024/11/22 08:45:13 [notice] 1#1: signal 17 (SIGCHLD) received from 34
2024/11/22 08:45:13 [notice] 1#1: signal 17 (SIGCHLD) received from 36
2024/11/22 08:45:13 [notice] 1#1: worker process 36 exited with code 0
2024/11/22 08:45:13 [notice] 1#1: signal 29 (SIGIO) received
2024/11/22 08:45:13 [notice] 1#1: signal 17 (SIGCHLD) received from 43
2024/11/22 08:45:13 [notice] 1#1: worker process 29 exited with code 0
2024/11/22 08:45:13 [notice] 1#1: worker process 43 exited with code 0
2024/11/22 08:45:13 [notice] 1#1: signal 29 (SIGIO) received
2024/11/22 08:45:13 [notice] 1#1: signal 17 (SIGCHLD) received from 29
2024/11/22 08:45:13 [notice] 1#1: signal 17 (SIGCHLD) received from 40
2024/11/22 08:45:13 [notice] 1#1: worker process 40 exited with code 0
2024/11/22 08:45:13 [notice] 1#1: signal 29 (SIGIO) received
2024/11/22 08:45:13 [notice] 1#1: signal 17 (SIGCHLD) received from 42
2024/11/22 08:45:13 [notice] 1#1: worker process 42 exited with code 0
2024/11/22 08:45:13 [notice] 1#1: signal 29 (SIGIO) received
2024/11/22 08:45:13 [notice] 1#1: signal 17 (SIGCHLD) received from 37
2024/11/22 08:45:13 [notice] 1#1: worker process 37 exited with code 0
2024/11/22 08:45:13 [notice] 1#1: exit
2024/11/22 08:45:26 [notice] 1#1: using the "epoll" event method
2024/11/22 08:45:26 [notice] 1#1: nginx/1.26.2
2024/11/22 08:45:26 [notice] 1#1: built by gcc 13.2.1 20240309 (Alpine 13.2.1_git20240309) 
2024/11/22 08:45:26 [notice] 1#1: OS: Linux 6.8.0-49-generic
2024/11/22 08:45:26 [notice] 1#1: getrlimit(RLIMIT_NOFILE): 1048576:1048576
2024/11/22 08:45:26 [notice] 1#1: start worker processes
2024/11/22 08:45:26 [notice] 1#1: start worker process 29
2024/11/22 08:45:26 [notice] 1#1: start worker process 30
2024/11/22 08:45:26 [notice] 1#1: start worker process 31
2024/11/22 08:45:26 [notice] 1#1: start worker process 32
2024/11/22 08:45:26 [notice] 1#1: start worker process 33
2024/11/22 08:45:26 [notice] 1#1: start worker process 34
2024/11/22 08:45:26 [notice] 1#1: start worker process 35
2024/11/22 08:45:26 [notice] 1#1: start worker process 36
2024/11/22 08:45:26 [notice] 1#1: start worker process 37
2024/11/22 08:45:26 [notice] 1#1: start worker process 38
2024/11/22 08:45:26 [notice] 1#1: start worker process 39
2024/11/22 08:45:26 [notice] 1#1: start worker process 40
2024/11/22 08:45:26 [notice] 1#1: start worker process 41
2024/11/22 08:45:26 [notice] 1#1: start worker process 42
2024/11/22 08:45:26 [notice] 1#1: start worker process 43
2024/11/22 08:45:26 [notice] 1#1: start worker process 44
2024/11/22 08:45:32 [notice] 1#1: signal 3 (SIGQUIT) received, shutting down
2024/11/22 08:45:32 [notice] 31#31: gracefully shutting down
2024/11/22 08:45:32 [notice] 30#30: gracefully shutting down
2024/11/22 08:45:32 [notice] 33#33: gracefully shutting down
2024/11/22 08:45:32 [notice] 32#32: gracefully shutting down
2024/11/22 08:45:32 [notice] 29#29: gracefully shutting down
2024/11/22 08:45:32 [notice] 36#36: gracefully shutting down
2024/11/22 08:45:32 [notice] 34#34: gracefully shutting down
2024/11/22 08:45:32 [notice] 35#35: gracefully shutting down
2024/11/22 08:45:32 [notice] 37#37: gracefully shutting down
2024/11/22 08:45:32 [notice] 38#38: gracefully shutting down
2024/11/22 08:45:32 [notice] 39#39: gracefully shutting down
2024/11/22 08:45:32 [notice] 30#30: exiting
2024/11/22 08:45:32 [notice] 40#40: gracefully shutting down
2024/11/22 08:45:32 [notice] 33#33: exiting
2024/11/22 08:45:32 [notice] 29#29: exiting
2024/11/22 08:45:32 [notice] 36#36: exiting
2024/11/22 08:45:32 [notice] 42#42: gracefully shutting down
2024/11/22 08:45:32 [notice] 34#34: exiting
2024/11/22 08:45:32 [notice] 35#35: exiting
2024/11/22 08:45:32 [notice] 37#37: exiting
2024/11/22 08:45:32 [notice] 38#38: exiting
2024/11/22 08:45:32 [notice] 31#31: exiting
2024/11/22 08:45:32 [notice] 39#39: exiting
2024/11/22 08:45:32 [notice] 40#40: exiting
2024/11/22 08:45:32 [notice] 42#42: exiting
2024/11/22 08:45:32 [notice] 41#41: gracefully shutting down
2024/11/22 08:45:32 [notice] 41#41: exiting
2024/11/22 08:45:32 [notice] 33#33: exit
2024/11/22 08:45:32 [notice] 36#36: exit
2024/11/22 08:45:32 [notice] 39#39: exit
2024/11/22 08:45:32 [notice] 35#35: exit
2024/11/22 08:45:32 [notice] 37#37: exit
2024/11/22 08:45:32 [notice] 38#38: exit
2024/11/22 08:45:32 [notice] 34#34: exit
2024/11/22 08:45:32 [notice] 30#30: exit
2024/11/22 08:45:32 [notice] 42#42: exit
2024/11/22 08:45:32 [notice] 31#31: exit
2024/11/22 08:45:32 [notice] 40#40: exit
2024/11/22 08:45:32 [notice] 29#29: exit
2024/11/22 08:45:32 [notice] 41#41: exit
2024/11/22 08:45:32 [notice] 43#43: gracefully shutting down
2024/11/22 08:45:32 [notice] 44#44: gracefully shutting down
2024/11/22 08:45:32 [notice] 43#43: exiting
2024/11/22 08:45:32 [notice] 44#44: exiting
2024/11/22 08:45:32 [notice] 43#43: exit
2024/11/22 08:45:32 [notice] 44#44: exit
2024/11/22 08:45:32 [notice] 1#1: signal 17 (SIGCHLD) received from 39
2024/11/22 08:45:32 [notice] 1#1: worker process 39 exited with code 0
2024/11/22 08:45:32 [notice] 1#1: worker process 44 exited with code 0
2024/11/22 08:45:32 [notice] 1#1: signal 29 (SIGIO) received
2024/11/22 08:45:32 [notice] 1#1: signal 17 (SIGCHLD) received from 34
2024/11/22 08:45:32 [notice] 1#1: worker process 34 exited with code 0
2024/11/22 08:45:32 [notice] 1#1: signal 29 (SIGIO) received
2024/11/22 08:45:32 [notice] 1#1: signal 17 (SIGCHLD) received from 30
2024/11/22 08:45:32 [notice] 1#1: worker process 30 exited with code 0
2024/11/22 08:45:32 [notice] 1#1: signal 29 (SIGIO) received
2024/11/22 08:45:32 [notice] 1#1: signal 17 (SIGCHLD) received from 41
2024/11/22 08:45:32 [notice] 1#1: worker process 41 exited with code 0
2024/11/22 08:45:32 [notice] 1#1: signal 29 (SIGIO) received
2024/11/22 08:45:32 [notice] 1#1: signal 17 (SIGCHLD) received from 40
2024/11/22 08:45:32 [notice] 1#1: worker process 40 exited with code 0
2024/11/22 08:45:32 [notice] 1#1: signal 29 (SIGIO) received
2024/11/22 08:45:32 [notice] 1#1: signal 17 (SIGCHLD) received from 38
2024/11/22 08:45:32 [notice] 1#1: worker process 38 exited with code 0
2024/11/22 08:45:32 [notice] 1#1: signal 29 (SIGIO) received
2024/11/22 08:45:32 [notice] 1#1: signal 17 (SIGCHLD) received from 43
2024/11/22 08:45:32 [notice] 1#1: worker process 43 exited with code 0
2024/11/22 08:45:32 [notice] 1#1: signal 29 (SIGIO) received
2024/11/22 08:45:32 [notice] 1#1: signal 17 (SIGCHLD) received from 37
2024/11/22 08:45:32 [notice] 1#1: worker process 37 exited with code 0
2024/11/22 08:45:32 [notice] 1#1: signal 29 (SIGIO) received
2024/11/22 08:45:32 [notice] 1#1: signal 17 (SIGCHLD) received from 36
2024/11/22 08:45:32 [notice] 1#1: worker process 36 exited with code 0
2024/11/22 08:45:32 [notice] 1#1: signal 29 (SIGIO) received
2024/11/22 08:45:32 [notice] 1#1: signal 17 (SIGCHLD) received from 33
2024/11/22 08:45:32 [notice] 1#1: worker process 33 exited with code 0
2024/11/22 08:45:32 [notice] 1#1: signal 29 (SIGIO) received
2024/11/22 08:45:32 [notice] 1#1: signal 17 (SIGCHLD) received from 31
2024/11/22 08:45:32 [notice] 1#1: worker process 31 exited with code 0
2024/11/22 08:45:32 [notice] 1#1: signal 29 (SIGIO) received
2024/11/22 08:45:32 [notice] 1#1: signal 17 (SIGCHLD) received from 29
2024/11/22 08:45:32 [notice] 1#1: worker process 29 exited with code 0
2024/11/22 08:45:32 [notice] 1#1: signal 29 (SIGIO) received
2024/11/22 08:45:32 [notice] 1#1: signal 17 (SIGCHLD) received from 35
2024/11/22 08:45:32 [notice] 1#1: worker process 35 exited with code 0
2024/11/22 08:45:32 [notice] 1#1: signal 29 (SIGIO) received
2024/11/22 08:45:32 [notice] 1#1: signal 17 (SIGCHLD) received from 42
2024/11/22 08:45:32 [notice] 1#1: worker process 42 exited with code 0
2024/11/22 08:45:32 [notice] 1#1: signal 29 (SIGIO) received
2024/11/22 08:45:38 [notice] 32#32: exiting
2024/11/22 08:45:38 [notice] 32#32: exit
2024/11/22 08:45:38 [notice] 1#1: signal 17 (SIGCHLD) received from 32
2024/11/22 08:45:38 [notice] 1#1: worker process 32 exited with code 0
2024/11/22 08:45:38 [notice] 1#1: exit
2024/11/22 08:45:46 [notice] 1#1: using the "epoll" event method
2024/11/22 08:45:46 [notice] 1#1: nginx/1.26.2
2024/11/22 08:45:46 [notice] 1#1: built by gcc 13.2.1 20240309 (Alpine 13.2.1_git20240309) 
2024/11/22 08:45:46 [notice] 1#1: OS: Linux 6.8.0-49-generic
2024/11/22 08:45:46 [notice] 1#1: getrlimit(RLIMIT_NOFILE): 1048576:1048576
2024/11/22 08:45:46 [notice] 1#1: start worker processes
2024/11/22 08:45:46 [notice] 1#1: start worker process 29
2024/11/22 08:45:46 [notice] 1#1: start worker process 30
2024/11/22 08:45:46 [notice] 1#1: start worker process 31
2024/11/22 08:45:46 [notice] 1#1: start worker process 32
2024/11/22 08:45:46 [notice] 1#1: start worker process 33
2024/11/22 08:45:46 [notice] 1#1: start worker process 34
2024/11/22 08:45:46 [notice] 1#1: start worker process 35
2024/11/22 08:45:46 [notice] 1#1: start worker process 36
2024/11/22 08:45:46 [notice] 1#1: start worker process 37
2024/11/22 08:45:46 [notice] 1#1: start worker process 38
2024/11/22 08:45:46 [notice] 1#1: start worker process 39
2024/11/22 08:45:46 [notice] 1#1: start worker process 40
2024/11/22 08:45:46 [notice] 1#1: start worker process 41
2024/11/22 08:45:46 [notice] 1#1: start worker process 42
2024/11/22 08:45:46 [notice] 1#1: start worker process 43
2024/11/22 08:45:46 [notice] 1#1: start worker process 44
2024/11/22 15:50:00 [notice] 1#1: signal 3 (SIGQUIT) received, shutting down
2024/11/22 15:50:00 [notice] 29#29: gracefully shutting down
2024/11/22 15:50:00 [notice] 29#29: exiting
2024/11/22 15:50:00 [notice] 35#35: gracefully shutting down
2024/11/22 15:50:00 [notice] 35#35: exiting
2024/11/22 15:50:00 [notice] 29#29: exit
2024/11/22 15:50:00 [notice] 35#35: exit
2024/11/22 15:50:00 [notice] 30#30: gracefully shutting down
2024/11/22 15:50:00 [notice] 31#31: gracefully shutting down
2024/11/22 15:50:00 [notice] 31#31: exiting
2024/11/22 15:50:00 [notice] 31#31: exit
2024/11/22 15:50:00 [notice] 32#32: gracefully shutting down
2024/11/22 15:50:00 [notice] 32#32: exiting
2024/11/22 15:50:00 [notice] 32#32: exit
2024/11/22 15:50:00 [notice] 33#33: gracefully shutting down
2024/11/22 15:50:00 [notice] 33#33: exiting
2024/11/22 15:50:00 [notice] 33#33: exit
2024/11/22 15:50:00 [notice] 34#34: gracefully shutting down
2024/11/22 15:50:00 [notice] 34#34: exiting
2024/11/22 15:50:00 [notice] 34#34: exit
2024/11/22 15:50:00 [notice] 36#36: gracefully shutting down
2024/11/22 15:50:00 [notice] 36#36: exiting
2024/11/22 15:50:00 [notice] 36#36: exit
2024/11/22 15:50:00 [notice] 37#37: gracefully shutting down
2024/11/22 15:50:00 [notice] 37#37: exiting
2024/11/22 15:50:00 [notice] 37#37: exit
2024/11/22 15:50:00 [notice] 38#38: gracefully shutting down
2024/11/22 15:50:00 [notice] 38#38: exiting
2024/11/22 15:50:00 [notice] 38#38: exit
2024/11/22 15:50:00 [notice] 39#39: gracefully shutting down
2024/11/22 15:50:00 [notice] 39#39: exiting
2024/11/22 15:50:00 [notice] 39#39: exit
2024/11/22 15:50:00 [notice] 40#40: gracefully shutting down
2024/11/22 15:50:00 [notice] 41#41: gracefully shutting down
2024/11/22 15:50:00 [notice] 42#42: gracefully shutting down
2024/11/22 15:50:00 [notice] 42#42: exiting
2024/11/22 15:50:00 [notice] 40#40: exiting
2024/11/22 15:50:00 [notice] 42#42: exit
2024/11/22 15:50:00 [notice] 40#40: exit
2024/11/22 15:50:00 [notice] 43#43: gracefully shutting down
2024/11/22 15:50:00 [notice] 43#43: exiting
2024/11/22 15:50:00 [notice] 43#43: exit
2024/11/22 15:50:00 [notice] 41#41: exiting
2024/11/22 15:50:00 [notice] 41#41: exit
2024/11/22 15:50:00 [notice] 44#44: gracefully shutting down
2024/11/22 15:50:00 [notice] 44#44: exiting
2024/11/22 15:50:00 [notice] 30#30: exiting
2024/11/22 15:50:00 [notice] 44#44: exit
2024/11/22 15:50:00 [notice] 30#30: exit
2024/11/22 15:50:00 [notice] 1#1: signal 17 (SIGCHLD) received from 29
2024/11/22 15:50:00 [notice] 1#1: worker process 29 exited with code 0
2024/11/22 15:50:00 [notice] 1#1: signal 29 (SIGIO) received
2024/11/22 15:50:00 [notice] 1#1: signal 17 (SIGCHLD) received from 35
2024/11/22 15:50:00 [notice] 1#1: worker process 35 exited with code 0
2024/11/22 15:50:00 [notice] 1#1: signal 29 (SIGIO) received
2024/11/22 15:50:00 [notice] 1#1: signal 17 (SIGCHLD) received from 32
2024/11/22 15:50:00 [notice] 1#1: worker process 32 exited with code 0
2024/11/22 15:50:00 [notice] 1#1: signal 29 (SIGIO) received
2024/11/22 15:50:00 [notice] 1#1: signal 17 (SIGCHLD) received from 34
2024/11/22 15:50:00 [notice] 1#1: worker process 34 exited with code 0
2024/11/22 15:50:00 [notice] 1#1: signal 29 (SIGIO) received
2024/11/22 15:50:00 [notice] 1#1: signal 17 (SIGCHLD) received from 31
2024/11/22 15:50:00 [notice] 1#1: worker process 31 exited with code 0
2024/11/22 15:50:00 [notice] 1#1: worker process 36 exited with code 0
2024/11/22 15:50:00 [notice] 1#1: signal 29 (SIGIO) received
2024/11/22 15:50:00 [notice] 1#1: signal 17 (SIGCHLD) received from 33
2024/11/22 15:50:00 [notice] 1#1: worker process 33 exited with code 0
2024/11/22 15:50:00 [notice] 1#1: worker process 37 exited with code 0
2024/11/22 15:50:00 [notice] 1#1: worker process 40 exited with code 0
2024/11/22 15:50:00 [notice] 1#1: signal 29 (SIGIO) received
2024/11/22 15:50:00 [notice] 1#1: signal 17 (SIGCHLD) received from 40
2024/11/22 15:50:00 [notice] 1#1: signal 17 (SIGCHLD) received from 38
2024/11/22 15:50:00 [notice] 1#1: worker process 38 exited with code 0
2024/11/22 15:50:00 [notice] 1#1: worker process 39 exited with code 0
2024/11/22 15:50:00 [notice] 1#1: signal 29 (SIGIO) received
2024/11/22 15:50:00 [notice] 1#1: signal 17 (SIGCHLD) received from 41
2024/11/22 15:50:00 [notice] 1#1: worker process 41 exited with code 0
2024/11/22 15:50:00 [notice] 1#1: signal 29 (SIGIO) received
2024/11/22 15:50:00 [notice] 1#1: signal 17 (SIGCHLD) received from 44
2024/11/22 15:50:00 [notice] 1#1: worker process 42 exited with code 0
2024/11/22 15:50:00 [notice] 1#1: worker process 44 exited with code 0
2024/11/22 15:50:00 [notice] 1#1: signal 29 (SIGIO) received
2024/11/22 15:50:00 [notice] 1#1: signal 17 (SIGCHLD) received from 42
2024/11/22 15:50:00 [notice] 1#1: signal 17 (SIGCHLD) received from 30
2024/11/22 15:50:00 [notice] 1#1: worker process 30 exited with code 0
2024/11/22 15:50:00 [notice] 1#1: signal 29 (SIGIO) received
2024/11/22 15:50:00 [notice] 1#1: signal 17 (SIGCHLD) received from 43
2024/11/22 15:50:00 [notice] 1#1: worker process 43 exited with code 0
2024/11/22 15:50:00 [notice] 1#1: exit
2024/11/25 08:05:28 [emerg] 1#1: host not found in upstream "courpoophp" in /etc/nginx/conf.d/default.conf:15
2024/11/25 08:05:34 [emerg] 1#1: host not found in upstream "courpoophp" in /etc/nginx/conf.d/default.conf:15
2024/11/25 08:05:39 [emerg] 1#1: host not found in upstream "courpoophp" in /etc/nginx/conf.d/default.conf:15
2024/11/25 08:05:45 [emerg] 1#1: host not found in upstream "courpoophp" in /etc/nginx/conf.d/default.conf:15
2024/11/25 08:05:50 [emerg] 1#1: host not found in upstream "courpoophp" in /etc/nginx/conf.d/default.conf:15
2024/11/25 08:05:57 [emerg] 1#1: host not found in upstream "courpoophp" in /etc/nginx/conf.d/default.conf:15
2024/11/25 08:06:06 [emerg] 1#1: host not found in upstream "courpoophp" in /etc/nginx/conf.d/default.conf:15
2024/11/25 08:06:17 [emerg] 1#1: host not found in upstream "courpoophp" in /etc/nginx/conf.d/default.conf:15
2024/11/25 08:06:35 [emerg] 1#1: host not found in upstream "courpoophp" in /etc/nginx/conf.d/default.conf:15
2024/11/25 08:07:06 [emerg] 1#1: host not found in upstream "courpoophp" in /etc/nginx/conf.d/default.conf:15
2024/11/25 08:08:02 [emerg] 1#1: host not found in upstream "courpoophp" in /etc/nginx/conf.d/default.conf:15
2024/11/25 08:09:07 [emerg] 1#1: host not found in upstream "courpoophp" in /etc/nginx/conf.d/default.conf:15
2024/11/25 08:10:13 [emerg] 1#1: host not found in upstream "courpoophp" in /etc/nginx/conf.d/default.conf:15
2024/11/25 08:11:18 [emerg] 1#1: host not found in upstream "courpoophp" in /etc/nginx/conf.d/default.conf:15
2024/11/25 08:12:23 [emerg] 1#1: host not found in upstream "courpoophp" in /etc/nginx/conf.d/default.conf:15
2024/11/25 08:13:28 [emerg] 1#1: host not found in upstream "courpoophp" in /etc/nginx/conf.d/default.conf:15
2024/11/25 08:14:33 [emerg] 1#1: host not found in upstream "courpoophp" in /etc/nginx/conf.d/default.conf:15
2024/11/25 08:15:38 [emerg] 1#1: host not found in upstream "courpoophp" in /etc/nginx/conf.d/default.conf:15
2024/11/25 08:16:44 [emerg] 1#1: host not found in upstream "courpoophp" in /etc/nginx/conf.d/default.conf:15
2024/11/25 08:17:49 [emerg] 1#1: host not found in upstream "courpoophp" in /etc/nginx/conf.d/default.conf:15
2024/11/25 08:18:54 [emerg] 1#1: host not found in upstream "courpoophp" in /etc/nginx/conf.d/default.conf:15
2024/11/25 08:19:59 [emerg] 1#1: host not found in upstream "courpoophp" in /etc/nginx/conf.d/default.conf:15
2024/11/25 08:21:04 [emerg] 1#1: host not found in upstream "courpoophp" in /etc/nginx/conf.d/default.conf:15
2024/11/25 08:22:09 [emerg] 1#1: host not found in upstream "courpoophp" in /etc/nginx/conf.d/default.conf:15
2024/11/25 08:23:15 [emerg] 1#1: host not found in upstream "courpoophp" in /etc/nginx/conf.d/default.conf:15
2024/11/25 08:24:20 [emerg] 1#1: host not found in upstream "courpoophp" in /etc/nginx/conf.d/default.conf:15
2024/11/25 08:25:25 [emerg] 1#1: host not found in upstream "courpoophp" in /etc/nginx/conf.d/default.conf:15
2024/11/25 08:26:30 [emerg] 1#1: host not found in upstream "courpoophp" in /etc/nginx/conf.d/default.conf:15
2024/11/25 08:27:35 [emerg] 1#1: host not found in upstream "courpoophp" in /etc/nginx/conf.d/default.conf:15
2024/11/25 08:28:40 [emerg] 1#1: host not found in upstream "courpoophp" in /etc/nginx/conf.d/default.conf:15
2024/11/25 08:29:46 [emerg] 1#1: host not found in upstream "courpoophp" in /etc/nginx/conf.d/default.conf:15
2024/11/25 08:30:51 [emerg] 1#1: host not found in upstream "courpoophp" in /etc/nginx/conf.d/default.conf:15
2024/11/25 08:31:56 [emerg] 1#1: host not found in upstream "courpoophp" in /etc/nginx/conf.d/default.conf:15
2024/11/25 08:33:01 [emerg] 1#1: host not found in upstream "courpoophp" in /etc/nginx/conf.d/default.conf:15
2024/11/25 08:34:06 [emerg] 1#1: host not found in upstream "courpoophp" in /etc/nginx/conf.d/default.conf:15
2024/11/25 08:35:12 [emerg] 1#1: host not found in upstream "courpoophp" in /etc/nginx/conf.d/default.conf:15
2024/11/25 08:36:17 [emerg] 1#1: host not found in upstream "courpoophp" in /etc/nginx/conf.d/default.conf:15
2024/11/25 08:37:22 [emerg] 1#1: host not found in upstream "courpoophp" in /etc/nginx/conf.d/default.conf:15
2024/11/25 08:38:27 [emerg] 1#1: host not found in upstream "courpoophp" in /etc/nginx/conf.d/default.conf:15
2024/11/25 08:39:32 [emerg] 1#1: host not found in upstream "courpoophp" in /etc/nginx/conf.d/default.conf:15
2024/11/25 08:40:37 [emerg] 1#1: host not found in upstream "courpoophp" in /etc/nginx/conf.d/default.conf:15
2024/11/25 08:41:43 [emerg] 1#1: host not found in upstream "courpoophp" in /etc/nginx/conf.d/default.conf:15
2024/11/25 08:42:48 [emerg] 1#1: host not found in upstream "courpoophp" in /etc/nginx/conf.d/default.conf:15
2024/11/25 08:43:53 [emerg] 1#1: host not found in upstream "courpoophp" in /etc/nginx/conf.d/default.conf:15
2024/11/25 08:44:58 [emerg] 1#1: host not found in upstream "courpoophp" in /etc/nginx/conf.d/default.conf:15
2024/11/25 08:46:03 [emerg] 1#1: host not found in upstream "courpoophp" in /etc/nginx/conf.d/default.conf:15
2024/11/25 08:47:08 [emerg] 1#1: host not found in upstream "courpoophp" in /etc/nginx/conf.d/default.conf:15
2024/11/25 08:48:50 [emerg] 1#1: host not found in upstream "courpoophp" in /etc/nginx/conf.d/default.conf:15
2024/11/25 08:48:55 [emerg] 1#1: host not found in upstream "courpoophp" in /etc/nginx/conf.d/default.conf:15
2024/11/25 08:49:01 [emerg] 1#1: host not found in upstream "courpoophp" in /etc/nginx/conf.d/default.conf:15
2024/11/25 08:49:06 [emerg] 1#1: host not found in upstream "courpoophp" in /etc/nginx/conf.d/default.conf:15
2024/11/25 08:49:12 [emerg] 1#1: host not found in upstream "courpoophp" in /etc/nginx/conf.d/default.conf:15
2024/11/25 08:49:19 [emerg] 1#1: host not found in upstream "courpoophp" in /etc/nginx/conf.d/default.conf:15
2024/11/25 08:49:27 [emerg] 1#1: host not found in upstream "courpoophp" in /etc/nginx/conf.d/default.conf:15
2024/11/25 08:49:39 [emerg] 1#1: host not found in upstream "courpoophp" in /etc/nginx/conf.d/default.conf:15
2024/11/25 08:49:57 [emerg] 1#1: host not found in upstream "courpoophp" in /etc/nginx/conf.d/default.conf:15
2024/11/25 08:50:28 [emerg] 1#1: host not found in upstream "courpoophp" in /etc/nginx/conf.d/default.conf:15
2024/11/25 08:51:24 [emerg] 1#1: host not found in upstream "courpoophp" in /etc/nginx/conf.d/default.conf:15
2024/11/25 08:52:29 [emerg] 1#1: host not found in upstream "courpoophp" in /etc/nginx/conf.d/default.conf:15
2024/11/25 08:53:34 [emerg] 1#1: host not found in upstream "courpoophp" in /etc/nginx/conf.d/default.conf:15
2024/11/25 08:54:39 [emerg] 1#1: host not found in upstream "courpoophp" in /etc/nginx/conf.d/default.conf:15
2024/11/25 08:55:34 [emerg] 1#1: host not found in upstream "courpoophp" in /etc/nginx/conf.d/default.conf:15
2024/11/25 08:55:39 [emerg] 1#1: host not found in upstream "courpoophp" in /etc/nginx/conf.d/default.conf:15
2024/11/25 08:55:44 [emerg] 1#1: host not found in upstream "courpoophp" in /etc/nginx/conf.d/default.conf:15
2024/11/25 08:55:50 [emerg] 1#1: host not found in upstream "courpoophp" in /etc/nginx/conf.d/default.conf:15
2024/11/25 08:55:56 [emerg] 1#1: host not found in upstream "courpoophp" in /etc/nginx/conf.d/default.conf:15
2024/11/25 08:56:03 [emerg] 1#1: host not found in upstream "courpoophp" in /etc/nginx/conf.d/default.conf:15
2024/11/25 08:56:11 [emerg] 1#1: host not found in upstream "courpoophp" in /etc/nginx/conf.d/default.conf:15
2024/11/25 08:56:23 [emerg] 1#1: host not found in upstream "courpoophp" in /etc/nginx/conf.d/default.conf:15
2024/11/25 08:56:41 [emerg] 1#1: host not found in upstream "courpoophp" in /etc/nginx/conf.d/default.conf:15
2024/11/25 08:57:11 [emerg] 1#1: host not found in upstream "courpoophp" in /etc/nginx/conf.d/default.conf:15
2024/11/25 08:58:08 [emerg] 1#1: host not found in upstream "courpoophp" in /etc/nginx/conf.d/default.conf:15
2024/11/25 08:59:13 [emerg] 1#1: host not found in upstream "courpoophp" in /etc/nginx/conf.d/default.conf:15
2024/11/25 09:00:18 [emerg] 1#1: host not found in upstream "courpoophp" in /etc/nginx/conf.d/default.conf:15
2024/11/25 09:01:23 [emerg] 1#1: host not found in upstream "courpoophp" in /etc/nginx/conf.d/default.conf:15
2024/11/25 09:02:28 [emerg] 1#1: host not found in upstream "courpoophp" in /etc/nginx/conf.d/default.conf:15
2024/11/25 09:03:34 [emerg] 1#1: host not found in upstream "courpoophp" in /etc/nginx/conf.d/default.conf:15
2024/11/25 09:04:39 [emerg] 1#1: host not found in upstream "courpoophp" in /etc/nginx/conf.d/default.conf:15
2024/11/25 09:05:44 [emerg] 1#1: host not found in upstream "courpoophp" in /etc/nginx/conf.d/default.conf:15
2024/11/25 09:06:49 [emerg] 1#1: host not found in upstream "courpoophp" in /etc/nginx/conf.d/default.conf:15
2024/11/25 09:07:54 [emerg] 1#1: host not found in upstream "courpoophp" in /etc/nginx/conf.d/default.conf:15
2024/11/25 09:08:59 [emerg] 1#1: host not found in upstream "courpoophp" in /etc/nginx/conf.d/default.conf:15
2024/11/25 09:10:05 [emerg] 1#1: host not found in upstream "courpoophp" in /etc/nginx/conf.d/default.conf:15
2024/11/25 09:11:10 [emerg] 1#1: host not found in upstream "courpoophp" in /etc/nginx/conf.d/default.conf:15
2024/11/25 09:12:15 [emerg] 1#1: host not found in upstream "courpoophp" in /etc/nginx/conf.d/default.conf:15
2024/11/25 09:13:20 [emerg] 1#1: host not found in upstream "courpoophp" in /etc/nginx/conf.d/default.conf:15
2024/11/25 09:14:25 [emerg] 1#1: host not found in upstream "courpoophp" in /etc/nginx/conf.d/default.conf:15
2024/11/25 09:15:30 [emerg] 1#1: host not found in upstream "courpoophp" in /etc/nginx/conf.d/default.conf:15
2024/11/25 09:16:36 [emerg] 1#1: host not found in upstream "courpoophp" in /etc/nginx/conf.d/default.conf:15
2024/11/25 09:17:41 [emerg] 1#1: host not found in upstream "courpoophp" in /etc/nginx/conf.d/default.conf:15
2024/11/25 09:18:46 [emerg] 1#1: host not found in upstream "courpoophp" in /etc/nginx/conf.d/default.conf:15
2024/11/25 09:19:51 [emerg] 1#1: host not found in upstream "courpoophp" in /etc/nginx/conf.d/default.conf:15
2024/11/25 09:20:56 [emerg] 1#1: host not found in upstream "courpoophp" in /etc/nginx/conf.d/default.conf:15
2024/11/25 09:22:01 [emerg] 1#1: host not found in upstream "courpoophp" in /etc/nginx/conf.d/default.conf:15
2024/11/25 09:23:07 [emerg] 1#1: host not found in upstream "courpoophp" in /etc/nginx/conf.d/default.conf:15
2024/11/25 09:24:12 [emerg] 1#1: host not found in upstream "courpoophp" in /etc/nginx/conf.d/default.conf:15
2024/11/25 09:25:17 [emerg] 1#1: host not found in upstream "courpoophp" in /etc/nginx/conf.d/default.conf:15
2024/11/25 09:26:22 [emerg] 1#1: host not found in upstream "courpoophp" in /etc/nginx/conf.d/default.conf:15
2024/11/25 09:27:27 [emerg] 1#1: host not found in upstream "courpoophp" in /etc/nginx/conf.d/default.conf:15
2024/11/25 09:28:32 [emerg] 1#1: host not found in upstream "courpoophp" in /etc/nginx/conf.d/default.conf:15
2024/11/25 09:29:38 [emerg] 1#1: host not found in upstream "courpoophp" in /etc/nginx/conf.d/default.conf:15
2024/11/25 09:30:43 [emerg] 1#1: host not found in upstream "courpoophp" in /etc/nginx/conf.d/default.conf:15
2024/11/25 09:31:48 [emerg] 1#1: host not found in upstream "courpoophp" in /etc/nginx/conf.d/default.conf:15
2024/11/25 09:32:53 [emerg] 1#1: host not found in upstream "courpoophp" in /etc/nginx/conf.d/default.conf:15
2024/11/25 09:33:58 [emerg] 1#1: host not found in upstream "courpoophp" in /etc/nginx/conf.d/default.conf:15
2024/11/25 09:35:03 [emerg] 1#1: host not found in upstream "courpoophp" in /etc/nginx/conf.d/default.conf:15
2024/11/25 09:36:09 [emerg] 1#1: host not found in upstream "courpoophp" in /etc/nginx/conf.d/default.conf:15
2024/11/25 09:37:14 [emerg] 1#1: host not found in upstream "courpoophp" in /etc/nginx/conf.d/default.conf:15
2024/11/25 09:38:19 [emerg] 1#1: host not found in upstream "courpoophp" in /etc/nginx/conf.d/default.conf:15
2024/11/25 09:39:24 [emerg] 1#1: host not found in upstream "courpoophp" in /etc/nginx/conf.d/default.conf:15
2024/11/25 09:40:29 [emerg] 1#1: host not found in upstream "courpoophp" in /etc/nginx/conf.d/default.conf:15
2024/11/25 09:41:34 [emerg] 1#1: host not found in upstream "courpoophp" in /etc/nginx/conf.d/default.conf:15
2024/11/25 09:42:40 [emerg] 1#1: host not found in upstream "courpoophp" in /etc/nginx/conf.d/default.conf:15
2024/11/25 09:43:45 [emerg] 1#1: host not found in upstream "courpoophp" in /etc/nginx/conf.d/default.conf:15
2024/11/25 09:44:50 [emerg] 1#1: host not found in upstream "courpoophp" in /etc/nginx/conf.d/default.conf:15
2024/11/25 09:45:55 [emerg] 1#1: host not found in upstream "courpoophp" in /etc/nginx/conf.d/default.conf:15
2024/11/25 09:47:00 [emerg] 1#1: host not found in upstream "courpoophp" in /etc/nginx/conf.d/default.conf:15
2024/11/25 09:48:05 [emerg] 1#1: host not found in upstream "courpoophp" in /etc/nginx/conf.d/default.conf:15
2024/11/25 09:49:11 [emerg] 1#1: host not found in upstream "courpoophp" in /etc/nginx/conf.d/default.conf:15
2024/11/25 09:50:16 [emerg] 1#1: host not found in upstream "courpoophp" in /etc/nginx/conf.d/default.conf:15
2024/11/25 09:51:21 [emerg] 1#1: host not found in upstream "courpoophp" in /etc/nginx/conf.d/default.conf:15
2024/11/25 09:52:26 [emerg] 1#1: host not found in upstream "courpoophp" in /etc/nginx/conf.d/default.conf:15
2024/11/25 09:53:31 [emerg] 1#1: host not found in upstream "courpoophp" in /etc/nginx/conf.d/default.conf:15
2024/11/25 09:54:36 [emerg] 1#1: host not found in upstream "courpoophp" in /etc/nginx/conf.d/default.conf:15
2024/11/25 09:55:42 [emerg] 1#1: host not found in upstream "courpoophp" in /etc/nginx/conf.d/default.conf:15
2024/11/25 09:55:58 [emerg] 1#1: host not found in upstream "courpoophp" in /etc/nginx/conf.d/default.conf:15
2024/11/25 09:56:04 [emerg] 1#1: host not found in upstream "courpoophp" in /etc/nginx/conf.d/default.conf:15
2024/11/25 09:56:09 [emerg] 1#1: host not found in upstream "courpoophp" in /etc/nginx/conf.d/default.conf:15
2024/11/25 09:56:15 [emerg] 1#1: host not found in upstream "courpoophp" in /etc/nginx/conf.d/default.conf:15
2024/11/25 09:56:21 [emerg] 1#1: host not found in upstream "courpoophp" in /etc/nginx/conf.d/default.conf:15
2024/11/25 09:56:27 [emerg] 1#1: host not found in upstream "courpoophp" in /etc/nginx/conf.d/default.conf:15
2024/11/25 09:56:36 [emerg] 1#1: host not found in upstream "courpoophp" in /etc/nginx/conf.d/default.conf:15
2024/11/25 09:56:47 [emerg] 1#1: host not found in upstream "courpoophp" in /etc/nginx/conf.d/default.conf:15
2024/11/25 09:57:50 [notice] 1#1: using the "epoll" event method
2024/11/25 09:57:50 [notice] 1#1: nginx/1.26.2
2024/11/25 09:57:50 [notice] 1#1: built by gcc 13.2.1 20240309 (Alpine 13.2.1_git20240309) 
2024/11/25 09:57:50 [notice] 1#1: OS: Linux 6.8.0-49-generic
2024/11/25 09:57:50 [notice] 1#1: getrlimit(RLIMIT_NOFILE): 1048576:1048576
2024/11/25 09:57:50 [notice] 1#1: start worker processes
2024/11/25 09:57:50 [notice] 1#1: start worker process 29
2024/11/25 09:57:50 [notice] 1#1: start worker process 30
2024/11/25 09:57:50 [notice] 1#1: start worker process 31
2024/11/25 09:57:50 [notice] 1#1: start worker process 32
2024/11/25 09:57:50 [notice] 1#1: start worker process 33
2024/11/25 09:57:50 [notice] 1#1: start worker process 34
2024/11/25 09:57:50 [notice] 1#1: start worker process 35
2024/11/25 09:57:50 [notice] 1#1: start worker process 36
2024/11/25 09:57:50 [notice] 1#1: start worker process 37
2024/11/25 09:57:50 [notice] 1#1: start worker process 38
2024/11/25 09:57:50 [notice] 1#1: start worker process 39
2024/11/25 09:57:50 [notice] 1#1: start worker process 40
2024/11/25 09:57:50 [notice] 1#1: start worker process 41
2024/11/25 09:57:50 [notice] 1#1: start worker process 42
2024/11/25 09:57:50 [notice] 1#1: start worker process 43
2024/11/25 09:57:50 [notice] 1#1: start worker process 44
2024/11/25 15:44:20 [notice] 1#1: signal 3 (SIGQUIT) received, shutting down
2024/11/25 15:44:20 [notice] 39#39: gracefully shutting down
2024/11/25 15:44:20 [notice] 39#39: exiting
2024/11/25 15:44:20 [notice] 29#29: gracefully shutting down
2024/11/25 15:44:20 [notice] 29#29: exiting
2024/11/25 15:44:20 [notice] 39#39: exit
2024/11/25 15:44:20 [notice] 30#30: gracefully shutting down
2024/11/25 15:44:20 [notice] 30#30: exiting
2024/11/25 15:44:20 [notice] 31#31: gracefully shutting down
2024/11/25 15:44:20 [notice] 31#31: exiting
2024/11/25 15:44:20 [notice] 31#31: exit
2024/11/25 15:44:20 [notice] 32#32: gracefully shutting down
2024/11/25 15:44:20 [notice] 30#30: exit
2024/11/25 15:44:20 [notice] 42#42: gracefully shutting down
2024/11/25 15:44:20 [notice] 43#43: gracefully shutting down
2024/11/25 15:44:20 [notice] 42#42: exiting
2024/11/25 15:44:20 [notice] 43#43: exiting
2024/11/25 15:44:20 [notice] 42#42: exit
2024/11/25 15:44:20 [notice] 43#43: exit
2024/11/25 15:44:20 [notice] 44#44: gracefully shutting down
2024/11/25 15:44:20 [notice] 44#44: exiting
2024/11/25 15:44:20 [notice] 44#44: exit
2024/11/25 15:44:20 [notice] 32#32: exiting
2024/11/25 15:44:20 [notice] 32#32: exit
2024/11/25 15:44:20 [notice] 33#33: gracefully shutting down
2024/11/25 15:44:20 [notice] 33#33: exiting
2024/11/25 15:44:20 [notice] 33#33: exit
2024/11/25 15:44:20 [notice] 34#34: gracefully shutting down
2024/11/25 15:44:20 [notice] 34#34: exiting
2024/11/25 15:44:20 [notice] 34#34: exit
2024/11/25 15:44:20 [notice] 35#35: gracefully shutting down
2024/11/25 15:44:20 [notice] 36#36: gracefully shutting down
2024/11/25 15:44:20 [notice] 35#35: exiting
2024/11/25 15:44:20 [notice] 36#36: exiting
2024/11/25 15:44:20 [notice] 35#35: exit
2024/11/25 15:44:20 [notice] 36#36: exit
2024/11/25 15:44:20 [notice] 37#37: gracefully shutting down
2024/11/25 15:44:20 [notice] 37#37: exiting
2024/11/25 15:44:20 [notice] 37#37: exit
2024/11/25 15:44:20 [notice] 38#38: gracefully shutting down
2024/11/25 15:44:20 [notice] 38#38: exiting
2024/11/25 15:44:20 [notice] 38#38: exit
2024/11/25 15:44:20 [notice] 40#40: gracefully shutting down
2024/11/25 15:44:20 [notice] 40#40: exiting
2024/11/25 15:44:20 [notice] 40#40: exit
2024/11/25 15:44:20 [notice] 41#41: gracefully shutting down
2024/11/25 15:44:20 [notice] 29#29: exit
2024/11/25 15:44:20 [notice] 41#41: exiting
2024/11/25 15:44:20 [notice] 41#41: exit
2024/11/25 15:44:20 [notice] 1#1: signal 17 (SIGCHLD) received from 39
2024/11/25 15:44:20 [notice] 1#1: worker process 30 exited with code 0
2024/11/25 15:44:20 [notice] 1#1: worker process 32 exited with code 0
2024/11/25 15:44:20 [notice] 1#1: worker process 39 exited with code 0
2024/11/25 15:44:20 [notice] 1#1: signal 29 (SIGIO) received
2024/11/25 15:44:20 [notice] 1#1: signal 17 (SIGCHLD) received from 32
2024/11/25 15:44:20 [notice] 1#1: signal 17 (SIGCHLD) received from 37
2024/11/25 15:44:20 [notice] 1#1: worker process 33 exited with code 0
2024/11/25 15:44:20 [notice] 1#1: worker process 31 exited with code 0
2024/11/25 15:44:20 [notice] 1#1: worker process 34 exited with code 0
2024/11/25 15:44:20 [notice] 1#1: worker process 37 exited with code 0
2024/11/25 15:44:20 [notice] 1#1: worker process 43 exited with code 0
2024/11/25 15:44:20 [notice] 1#1: signal 29 (SIGIO) received
2024/11/25 15:44:20 [notice] 1#1: signal 17 (SIGCHLD) received from 43
2024/11/25 15:44:20 [notice] 1#1: worker process 29 exited with code 0
2024/11/25 15:44:20 [notice] 1#1: worker process 35 exited with code 0
2024/11/25 15:44:20 [notice] 1#1: worker process 40 exited with code 0
2024/11/25 15:44:20 [notice] 1#1: worker process 42 exited with code 0
2024/11/25 15:44:20 [notice] 1#1: worker process 38 exited with code 0
2024/11/25 15:44:20 [notice] 1#1: worker process 44 exited with code 0
2024/11/25 15:44:20 [notice] 1#1: signal 29 (SIGIO) received
2024/11/25 15:44:20 [notice] 1#1: signal 17 (SIGCHLD) received from 35
2024/11/25 15:44:20 [notice] 1#1: signal 17 (SIGCHLD) received from 41
2024/11/25 15:44:20 [notice] 1#1: worker process 41 exited with code 0
2024/11/25 15:44:20 [notice] 1#1: signal 29 (SIGIO) received
2024/11/25 15:44:20 [notice] 1#1: signal 17 (SIGCHLD) received from 36
2024/11/25 15:44:20 [notice] 1#1: worker process 36 exited with code 0
2024/11/25 15:44:20 [notice] 1#1: exit
2024/11/26 08:20:55 [notice] 1#1: using the "epoll" event method
2024/11/26 08:20:55 [notice] 1#1: nginx/1.26.2
2024/11/26 08:20:55 [notice] 1#1: built by gcc 13.2.1 20240309 (Alpine 13.2.1_git20240309) 
2024/11/26 08:20:55 [notice] 1#1: OS: Linux 6.8.0-49-generic
2024/11/26 08:20:55 [notice] 1#1: getrlimit(RLIMIT_NOFILE): 1048576:1048576
2024/11/26 08:20:55 [notice] 1#1: start worker processes
2024/11/26 08:20:55 [notice] 1#1: start worker process 29
2024/11/26 08:20:55 [notice] 1#1: start worker process 30
2024/11/26 08:20:55 [notice] 1#1: start worker process 31
2024/11/26 08:20:55 [notice] 1#1: start worker process 32
2024/11/26 08:20:55 [notice] 1#1: start worker process 33
2024/11/26 08:20:55 [notice] 1#1: start worker process 34
2024/11/26 08:20:55 [notice] 1#1: start worker process 35
2024/11/26 08:20:55 [notice] 1#1: start worker process 36
2024/11/26 08:20:55 [notice] 1#1: start worker process 37
2024/11/26 08:20:55 [notice] 1#1: start worker process 38
2024/11/26 08:20:55 [notice] 1#1: start worker process 39
2024/11/26 08:20:55 [notice] 1#1: start worker process 40
2024/11/26 08:20:55 [notice] 1#1: start worker process 41
2024/11/26 08:20:55 [notice] 1#1: start worker process 42
2024/11/26 08:20:55 [notice] 1#1: start worker process 43
2024/11/26 08:20:55 [notice] 1#1: start worker process 44
2024/11/26 08:29:18 [notice] 1#1: signal 3 (SIGQUIT) received, shutting down
2024/11/26 08:29:18 [notice] 29#29: gracefully shutting down
2024/11/26 08:29:18 [notice] 30#30: gracefully shutting down
2024/11/26 08:29:18 [notice] 32#32: gracefully shutting down
2024/11/26 08:29:18 [notice] 33#33: gracefully shutting down
2024/11/26 08:29:18 [notice] 31#31: gracefully shutting down
2024/11/26 08:29:18 [notice] 29#29: exiting
2024/11/26 08:29:18 [notice] 34#34: gracefully shutting down
2024/11/26 08:29:18 [notice] 35#35: gracefully shutting down
2024/11/26 08:29:18 [notice] 36#36: gracefully shutting down
2024/11/26 08:29:18 [notice] 37#37: gracefully shutting down
2024/11/26 08:29:18 [notice] 38#38: gracefully shutting down
2024/11/26 08:29:18 [notice] 32#32: exiting
2024/11/26 08:29:18 [notice] 33#33: exiting
2024/11/26 08:29:18 [notice] 31#31: exiting
2024/11/26 08:29:18 [notice] 39#39: gracefully shutting down
2024/11/26 08:29:18 [notice] 34#34: exiting
2024/11/26 08:29:18 [notice] 35#35: exiting
2024/11/26 08:29:18 [notice] 36#36: exiting
2024/11/26 08:29:18 [notice] 37#37: exiting
2024/11/26 08:29:18 [notice] 30#30: exiting
2024/11/26 08:29:18 [notice] 38#38: exiting
2024/11/26 08:29:18 [notice] 39#39: exiting
2024/11/26 08:29:18 [notice] 29#29: exit
2024/11/26 08:29:18 [notice] 36#36: exit
2024/11/26 08:29:18 [notice] 32#32: exit
2024/11/26 08:29:18 [notice] 33#33: exit
2024/11/26 08:29:18 [notice] 31#31: exit
2024/11/26 08:29:18 [notice] 30#30: exit
2024/11/26 08:29:18 [notice] 38#38: exit
2024/11/26 08:29:18 [notice] 35#35: exit
2024/11/26 08:29:18 [notice] 37#37: exit
2024/11/26 08:29:18 [notice] 39#39: exit
2024/11/26 08:29:18 [notice] 34#34: exit
2024/11/26 08:29:18 [notice] 41#41: gracefully shutting down
2024/11/26 08:29:18 [notice] 40#40: gracefully shutting down
2024/11/26 08:29:18 [notice] 44#44: gracefully shutting down
2024/11/26 08:29:18 [notice] 42#42: gracefully shutting down
2024/11/26 08:29:18 [notice] 41#41: exiting
2024/11/26 08:29:18 [notice] 40#40: exiting
2024/11/26 08:29:18 [notice] 42#42: exiting
2024/11/26 08:29:18 [notice] 44#44: exiting
2024/11/26 08:29:18 [notice] 43#43: gracefully shutting down
2024/11/26 08:29:18 [notice] 40#40: exit
2024/11/26 08:29:18 [notice] 44#44: exit
2024/11/26 08:29:18 [notice] 42#42: exit
2024/11/26 08:29:18 [notice] 41#41: exit
2024/11/26 08:29:18 [notice] 43#43: exiting
2024/11/26 08:29:18 [notice] 43#43: exit
2024/11/26 08:29:18 [notice] 1#1: signal 17 (SIGCHLD) received from 32
2024/11/26 08:29:18 [notice] 1#1: worker process 32 exited with code 0
2024/11/26 08:29:18 [notice] 1#1: signal 29 (SIGIO) received
2024/11/26 08:29:18 [notice] 1#1: signal 17 (SIGCHLD) received from 37
2024/11/26 08:29:18 [notice] 1#1: worker process 37 exited with code 0
2024/11/26 08:29:18 [notice] 1#1: worker process 41 exited with code 0
2024/11/26 08:29:18 [notice] 1#1: signal 29 (SIGIO) received
2024/11/26 08:29:18 [notice] 1#1: signal 17 (SIGCHLD) received from 41
2024/11/26 08:29:18 [notice] 1#1: signal 17 (SIGCHLD) received from 36
2024/11/26 08:29:18 [notice] 1#1: worker process 36 exited with code 0
2024/11/26 08:29:18 [notice] 1#1: worker process 35 exited with code 0
2024/11/26 08:29:18 [notice] 1#1: signal 29 (SIGIO) received
2024/11/26 08:29:18 [notice] 1#1: signal 17 (SIGCHLD) received from 35
2024/11/26 08:29:18 [notice] 1#1: signal 17 (SIGCHLD) received from 29
2024/11/26 08:29:18 [notice] 1#1: worker process 29 exited with code 0
2024/11/26 08:29:18 [notice] 1#1: worker process 38 exited with code 0
2024/11/26 08:29:18 [notice] 1#1: worker process 40 exited with code 0
2024/11/26 08:29:18 [notice] 1#1: signal 29 (SIGIO) received
2024/11/26 08:29:18 [notice] 1#1: signal 17 (SIGCHLD) received from 38
2024/11/26 08:29:18 [notice] 1#1: signal 17 (SIGCHLD) received from 31
2024/11/26 08:29:18 [notice] 1#1: worker process 31 exited with code 0
2024/11/26 08:29:18 [notice] 1#1: signal 29 (SIGIO) received
2024/11/26 08:29:18 [notice] 1#1: signal 17 (SIGCHLD) received from 39
2024/11/26 08:29:18 [notice] 1#1: worker process 39 exited with code 0
2024/11/26 08:29:18 [notice] 1#1: signal 29 (SIGIO) received
2024/11/26 08:29:18 [notice] 1#1: signal 17 (SIGCHLD) received from 30
2024/11/26 08:29:18 [notice] 1#1: worker process 30 exited with code 0
2024/11/26 08:29:18 [notice] 1#1: worker process 34 exited with code 0
2024/11/26 08:29:18 [notice] 1#1: worker process 42 exited with code 0
2024/11/26 08:29:18 [notice] 1#1: signal 29 (SIGIO) received
2024/11/26 08:29:18 [notice] 1#1: signal 17 (SIGCHLD) received from 34
2024/11/26 08:29:18 [notice] 1#1: signal 17 (SIGCHLD) received from 43
2024/11/26 08:29:18 [notice] 1#1: worker process 43 exited with code 0
2024/11/26 08:29:18 [notice] 1#1: signal 29 (SIGIO) received
2024/11/26 08:29:18 [notice] 1#1: signal 17 (SIGCHLD) received from 44
2024/11/26 08:29:18 [notice] 1#1: worker process 44 exited with code 0
2024/11/26 08:29:18 [notice] 1#1: signal 29 (SIGIO) received
2024/11/26 08:29:18 [notice] 1#1: signal 17 (SIGCHLD) received from 33
2024/11/26 08:29:18 [notice] 1#1: worker process 33 exited with code 0
2024/11/26 08:29:18 [notice] 1#1: exit
2024/11/26 08:40:56 [notice] 1#1: using the "epoll" event method
2024/11/26 08:40:56 [notice] 1#1: nginx/1.26.2
2024/11/26 08:40:56 [notice] 1#1: built by gcc 13.2.1 20240309 (Alpine 13.2.1_git20240309) 
2024/11/26 08:40:56 [notice] 1#1: OS: Linux 6.8.0-49-generic
2024/11/26 08:40:56 [notice] 1#1: getrlimit(RLIMIT_NOFILE): 1048576:1048576
2024/11/26 08:40:56 [notice] 1#1: start worker processes
2024/11/26 08:40:56 [notice] 1#1: start worker process 29
2024/11/26 08:40:56 [notice] 1#1: start worker process 30
2024/11/26 08:40:56 [notice] 1#1: start worker process 31
2024/11/26 08:40:56 [notice] 1#1: start worker process 32
2024/11/26 08:40:56 [notice] 1#1: start worker process 33
2024/11/26 08:40:56 [notice] 1#1: start worker process 34
2024/11/26 08:40:56 [notice] 1#1: start worker process 35
2024/11/26 08:40:56 [notice] 1#1: start worker process 36
2024/11/26 08:40:56 [notice] 1#1: start worker process 37
2024/11/26 08:40:56 [notice] 1#1: start worker process 38
2024/11/26 08:40:56 [notice] 1#1: start worker process 39
2024/11/26 08:40:56 [notice] 1#1: start worker process 40
2024/11/26 08:40:56 [notice] 1#1: start worker process 41
2024/11/26 08:40:56 [notice] 1#1: start worker process 42
2024/11/26 08:40:56 [notice] 1#1: start worker process 43
2024/11/26 08:40:56 [notice] 1#1: start worker process 44
2024/11/26 10:26:56 [notice] 1#1: signal 3 (SIGQUIT) received, shutting down
2024/11/26 10:26:56 [notice] 29#29: gracefully shutting down
2024/11/26 10:26:56 [notice] 30#30: gracefully shutting down
2024/11/26 10:26:56 [notice] 32#32: gracefully shutting down
2024/11/26 10:26:56 [notice] 34#34: gracefully shutting down
2024/11/26 10:26:56 [notice] 35#35: gracefully shutting down
2024/11/26 10:26:56 [notice] 29#29: exiting
2024/11/26 10:26:56 [notice] 36#36: gracefully shutting down
2024/11/26 10:26:56 [notice] 37#37: gracefully shutting down
2024/11/26 10:26:56 [notice] 30#30: exiting
2024/11/26 10:26:56 [notice] 38#38: gracefully shutting down
2024/11/26 10:26:56 [notice] 31#31: gracefully shutting down
2024/11/26 10:26:56 [notice] 32#32: exiting
2024/11/26 10:26:56 [notice] 33#33: gracefully shutting down
2024/11/26 10:26:56 [notice] 39#39: gracefully shutting down
2024/11/26 10:26:56 [notice] 34#34: exiting
2024/11/26 10:26:56 [notice] 35#35: exiting
2024/11/26 10:26:56 [notice] 40#40: gracefully shutting down
2024/11/26 10:26:56 [notice] 36#36: exiting
2024/11/26 10:26:56 [notice] 37#37: exiting
2024/11/26 10:26:56 [notice] 38#38: exiting
2024/11/26 10:26:56 [notice] 31#31: exiting
2024/11/26 10:26:56 [notice] 33#33: exiting
2024/11/26 10:26:56 [notice] 39#39: exiting
2024/11/26 10:26:56 [notice] 40#40: exiting
2024/11/26 10:26:56 [notice] 41#41: gracefully shutting down
2024/11/26 10:26:56 [notice] 41#41: exiting
2024/11/26 10:26:56 [notice] 29#29: exit
2024/11/26 10:26:56 [notice] 30#30: exit
2024/11/26 10:26:56 [notice] 32#32: exit
2024/11/26 10:26:56 [notice] 34#34: exit
2024/11/26 10:26:56 [notice] 38#38: exit
2024/11/26 10:26:56 [notice] 31#31: exit
2024/11/26 10:26:56 [notice] 36#36: exit
2024/11/26 10:26:56 [notice] 33#33: exit
2024/11/26 10:26:56 [notice] 37#37: exit
2024/11/26 10:26:56 [notice] 39#39: exit
2024/11/26 10:26:56 [notice] 40#40: exit
2024/11/26 10:26:56 [notice] 41#41: exit
2024/11/26 10:26:56 [notice] 35#35: exit
2024/11/26 10:26:56 [notice] 42#42: gracefully shutting down
2024/11/26 10:26:56 [notice] 42#42: exiting
2024/11/26 10:26:56 [notice] 43#43: gracefully shutting down
2024/11/26 10:26:56 [notice] 44#44: gracefully shutting down
2024/11/26 10:26:56 [notice] 43#43: exiting
2024/11/26 10:26:56 [notice] 44#44: exiting
2024/11/26 10:26:56 [notice] 42#42: exit
2024/11/26 10:26:56 [notice] 43#43: exit
2024/11/26 10:26:56 [notice] 44#44: exit
2024/11/26 10:26:56 [notice] 1#1: signal 17 (SIGCHLD) received from 32
2024/11/26 10:26:56 [notice] 1#1: worker process 32 exited with code 0
2024/11/26 10:26:56 [notice] 1#1: signal 29 (SIGIO) received
2024/11/26 10:26:56 [notice] 1#1: signal 17 (SIGCHLD) received from 38
2024/11/26 10:26:56 [notice] 1#1: worker process 38 exited with code 0
2024/11/26 10:26:56 [notice] 1#1: worker process 37 exited with code 0
2024/11/26 10:26:56 [notice] 1#1: signal 29 (SIGIO) received
2024/11/26 10:26:56 [notice] 1#1: signal 17 (SIGCHLD) received from 37
2024/11/26 10:26:56 [notice] 1#1: signal 17 (SIGCHLD) received from 40
2024/11/26 10:26:56 [notice] 1#1: worker process 34 exited with code 0
2024/11/26 10:26:56 [notice] 1#1: worker process 36 exited with code 0
2024/11/26 10:26:56 [notice] 1#1: worker process 39 exited with code 0
2024/11/26 10:26:56 [notice] 1#1: worker process 40 exited with code 0
2024/11/26 10:26:56 [notice] 1#1: worker process 41 exited with code 0
2024/11/26 10:26:56 [notice] 1#1: signal 29 (SIGIO) received
2024/11/26 10:26:56 [notice] 1#1: signal 17 (SIGCHLD) received from 34
2024/11/26 10:26:56 [notice] 1#1: signal 17 (SIGCHLD) received from 33
2024/11/26 10:26:56 [notice] 1#1: worker process 33 exited with code 0
2024/11/26 10:26:56 [notice] 1#1: signal 29 (SIGIO) received
2024/11/26 10:26:56 [notice] 1#1: signal 17 (SIGCHLD) received from 44
2024/11/26 10:26:56 [notice] 1#1: worker process 44 exited with code 0
2024/11/26 10:26:56 [notice] 1#1: signal 29 (SIGIO) received
2024/11/26 10:26:56 [notice] 1#1: signal 17 (SIGCHLD) received from 30
2024/11/26 10:26:56 [notice] 1#1: worker process 30 exited with code 0
2024/11/26 10:26:56 [notice] 1#1: worker process 42 exited with code 0
2024/11/26 10:26:56 [notice] 1#1: signal 29 (SIGIO) received
2024/11/26 10:26:56 [notice] 1#1: signal 17 (SIGCHLD) received from 35
2024/11/26 10:26:56 [notice] 1#1: worker process 35 exited with code 0
2024/11/26 10:26:56 [notice] 1#1: signal 29 (SIGIO) received
2024/11/26 10:26:56 [notice] 1#1: signal 17 (SIGCHLD) received from 43
2024/11/26 10:26:56 [notice] 1#1: worker process 43 exited with code 0
2024/11/26 10:26:56 [notice] 1#1: worker process 29 exited with code 0
2024/11/26 10:26:56 [notice] 1#1: signal 29 (SIGIO) received
2024/11/26 10:26:56 [notice] 1#1: signal 17 (SIGCHLD) received from 29
2024/11/26 10:26:56 [notice] 1#1: signal 17 (SIGCHLD) received from 31
2024/11/26 10:26:56 [notice] 1#1: worker process 31 exited with code 0
2024/11/26 10:26:56 [notice] 1#1: exit
